# JRE version: OpenJDK Runtime Environment (11.0.12+7) (build 11.0.12+7-b1504.28-7817840)
# Java VM: OpenJDK 64-Bit Server VM (11.0.12+7-b1504.28-7817840, mixed mode, tiered, compressed oops, g1 gc, windows-amd64)
Heap:
 garbage-first heap   total 227328K, used 204876K [0x0000000080000000, 0x0000000100000000)
  region size 1024K, 56 young (57344K), 3 survivors (3072K)
 Metaspace       used 120394K, capacity 123867K, committed 123980K, reserved 1157120K
  class space    used 15390K, capacity 16685K, committed 16716K, reserved 1048576K
GC Heap History (20 events):
Event: 207.558 GC heap after
{Heap after GC invocations=44 (full 0):
 garbage-first heap   total 227328K, used 138387K [0x0000000080000000, 0x0000000100000000)
  region size 1024K, 8 young (8192K), 8 survivors (8192K)
 Metaspace       used 118540K, capacity 121795K, committed 122060K, reserved 1155072K
  class space    used 15293K, capacity 16487K, committed 16588K, reserved 1048576K
}
Event: 207.598 GC heap before
{Heap before GC invocations=44 (full 0):
 garbage-first heap   total 227328K, used 141459K [0x0000000080000000, 0x0000000100000000)
  region size 1024K, 11 young (11264K), 8 survivors (8192K)
 Metaspace       used 118545K, capacity 121795K, committed 122060K, reserved 1155072K
  class space    used 15293K, capacity 16487K, committed 16588K, reserved 1048576K
}
Event: 207.622 GC heap after
{Heap after GC invocations=45 (full 0):
 garbage-first heap   total 227328K, used 138634K [0x0000000080000000, 0x0000000100000000)
  region size 1024K, 2 young (2048K), 2 survivors (2048K)
 Metaspace       used 118545K, capacity 121795K, committed 122060K, reserved 1155072K
  class space    used 15293K, capacity 16487K, committed 16588K, reserved 1048576K
}
Event: 334.927 GC heap before
{Heap before GC invocations=45 (full 0):
 garbage-first heap   total 227328K, used 188810K [0x0000000080000000, 0x0000000100000000)
  region size 1024K, 52 young (53248K), 2 survivors (2048K)
 Metaspace       used 118966K, capacity 122371K, committed 122700K, reserved 1155072K
  class space    used 15351K, capacity 16615K, committed 16716K, reserved 1048576K
}
Event: 334.951 GC heap after
{Heap after GC invocations=46 (full 0):
 garbage-first heap   total 227328K, used 140344K [0x0000000080000000, 0x0000000100000000)
  region size 1024K, 4 young (4096K), 4 survivors (4096K)
 Metaspace       used 118966K, capacity 122371K, committed 122700K, reserved 1155072K
  class space    used 15351K, capacity 16615K, committed 16716K, reserved 1048576K
}
Event: 426.436 GC heap before
{Heap before GC invocations=47 (full 0):
 garbage-first heap   total 227328K, used 184376K [0x0000000080000000, 0x0000000100000000)
  region size 1024K, 53 young (54272K), 4 survivors (4096K)
 Metaspace       used 119219K, capacity 122597K, committed 122700K, reserved 1155072K
  class space    used 15359K, capacity 16630K, committed 16716K, reserved 1048576K
}
Event: 426.454 GC heap after
{Heap after GC invocations=48 (full 0):
 garbage-first heap   total 227328K, used 141400K [0x0000000080000000, 0x0000000100000000)
  region size 1024K, 7 young (7168K), 7 survivors (7168K)
 Metaspace       used 119219K, capacity 122597K, committed 122700K, reserved 1155072K
  class space    used 15359K, capacity 16630K, committed 16716K, reserved 1048576K
}
Event: 426.524 GC heap before
{Heap before GC invocations=48 (full 0):
 garbage-first heap   total 227328K, used 145496K [0x0000000080000000, 0x0000000100000000)
  region size 1024K, 11 young (11264K), 7 survivors (7168K)
 Metaspace       used 119223K, capacity 122597K, committed 122700K, reserved 1155072K
  class space    used 15359K, capacity 16630K, committed 16716K, reserved 1048576K
}
Event: 426.566 GC heap after
{Heap after GC invocations=49 (full 0):
 garbage-first heap   total 227328K, used 129875K [0x0000000080000000, 0x0000000100000000)
  region size 1024K, 2 young (2048K), 2 survivors (2048K)
 Metaspace       used 119223K, capacity 122597K, committed 122700K, reserved 1155072K
  class space    used 15359K, capacity 16630K, committed 16716K, reserved 1048576K
}
Event: 426.650 GC heap before
{Heap before GC invocations=49 (full 0):
 garbage-first heap   total 227328K, used 139091K [0x0000000080000000, 0x0000000100000000)
  region size 1024K, 11 young (11264K), 2 survivors (2048K)
 Metaspace       used 119239K, capacity 122606K, committed 122700K, reserved 1155072K
  class space    used 15360K, capacity 16632K, committed 16716K, reserved 1048576K
}
Event: 426.666 GC heap after
{Heap after GC invocations=50 (full 0):
 garbage-first heap   total 227328K, used 130041K [0x0000000080000000, 0x0000000100000000)
  region size 1024K, 2 young (2048K), 2 survivors (2048K)
 Metaspace       used 119239K, capacity 122606K, committed 122700K, reserved 1155072K
  class space    used 15360K, capacity 16632K, committed 16716K, reserved 1048576K
}
Event: 431.968 GC heap before
{Heap before GC invocations=50 (full 0):
 garbage-first heap   total 227328K, used 184313K [0x0000000080000000, 0x0000000100000000)
  region size 1024K, 56 young (57344K), 2 survivors (2048K)
 Metaspace       used 119647K, capacity 123205K, committed 123468K, reserved 1157120K
  class space    used 15382K, capacity 16671K, committed 16716K, reserved 1048576K
}
Event: 431.981 GC heap after
{Heap after GC invocations=51 (full 0):
 garbage-first heap   total 227328K, used 133088K [0x0000000080000000, 0x0000000100000000)
  region size 1024K, 5 young (5120K), 5 survivors (5120K)
 Metaspace       used 119647K, capacity 123205K, committed 123468K, reserved 1157120K
  class space    used 15382K, capacity 16671K, committed 16716K, reserved 1048576K
}
Event: 642.825 GC heap before
{Heap before GC invocations=52 (full 0):
 garbage-first heap   total 227328K, used 204768K [0x0000000080000000, 0x0000000100000000)
  region size 1024K, 58 young (59392K), 5 survivors (5120K)
 Metaspace       used 119936K, capacity 123423K, committed 123468K, reserved 1157120K
  class space    used 15383K, capacity 16674K, committed 16716K, reserved 1048576K
}
Event: 642.883 GC heap after
{Heap after GC invocations=53 (full 0):
 garbage-first heap   total 227328K, used 137232K [0x0000000080000000, 0x0000000100000000)
  region size 1024K, 8 young (8192K), 8 survivors (8192K)
 Metaspace       used 119936K, capacity 123423K, committed 123468K, reserved 1157120K
  class space    used 15383K, capacity 16674K, committed 16716K, reserved 1048576K
}
Event: 642.972 GC heap before
{Heap before GC invocations=53 (full 0):
 garbage-first heap   total 227328K, used 140304K [0x0000000080000000, 0x0000000100000000)
  region size 1024K, 11 young (11264K), 8 survivors (8192K)
 Metaspace       used 119957K, capacity 123487K, committed 123724K, reserved 1157120K
  class space    used 15383K, capacity 16674K, committed 16716K, reserved 1048576K
}
Event: 643.027 GC heap after
{Heap after GC invocations=54 (full 0):
 garbage-first heap   total 227328K, used 128396K [0x0000000080000000, 0x0000000100000000)
  region size 1024K, 2 young (2048K), 2 survivors (2048K)
 Metaspace       used 119957K, capacity 123487K, committed 123724K, reserved 1157120K
  class space    used 15383K, capacity 16674K, committed 16716K, reserved 1048576K
}
Event: 644.159 GC heap before
{Heap before GC invocations=54 (full 0):
 garbage-first heap   total 227328K, used 183692K [0x0000000080000000, 0x0000000100000000)
  region size 1024K, 57 young (58368K), 2 survivors (2048K)
 Metaspace       used 120062K, capacity 123509K, committed 123724K, reserved 1157120K
  class space    used 15387K, capacity 16679K, committed 16716K, reserved 1048576K
}
Event: 644.180 GC heap after
{Heap after GC invocations=55 (full 0):
 garbage-first heap   total 227328K, used 132172K [0x0000000080000000, 0x0000000100000000)
  region size 1024K, 6 young (6144K), 6 survivors (6144K)
 Metaspace       used 120062K, capacity 123509K, committed 123724K, reserved 1157120K
  class space    used 15387K, capacity 16679K, committed 16716K, reserved 1048576K
}
Event: 1029.519 GC heap before
{Heap before GC invocations=56 (full 0):
 garbage-first heap   total 227328K, used 203852K [0x0000000080000000, 0x0000000100000000)
  region size 1024K, 59 young (60416K), 6 survivors (6144K)
 Metaspace       used 120394K, capacity 123867K, committed 123980K, reserved 1157120K
  class space    used 15390K, capacity 16685K, committed 16716K, reserved 1048576K
}

