# JRE version: OpenJDK Runtime Environment (11.0.12+7) (build 11.0.12+7-b1504.28-7817840)
# Java VM: OpenJDK 64-Bit Server VM (11.0.12+7-b1504.28-7817840, mixed mode, tiered, compressed oops, g1 gc, windows-amd64)
Heap:
 garbage-first heap   total 189440K, used 141813K [0x0000000080000000, 0x0000000100000000)
  region size 1024K, 4 young (4096K), 3 survivors (3072K)
 Metaspace       used 126004K, capacity 130408K, committed 130636K, reserved 1163264K
  class space    used 15892K, capacity 17524K, committed 17612K, reserved 1048576K
GC Heap History (20 events):
Event: 1636.954 GC heap before
{Heap before GC invocations=120 (full 0):
 garbage-first heap   total 189440K, used 156128K [0x0000000080000000, 0x0000000100000000)
  region size 1024K, 22 young (22528K), 4 survivors (4096K)
 Metaspace       used 125621K, capacity 129905K, committed 129996K, reserved 1161216K
  class space    used 15868K, capacity 17481K, committed 17484K, reserved 1048576K
}
Event: 1636.962 GC heap after
{Heap after GC invocations=121 (full 0):
 garbage-first heap   total 189440K, used 139217K [0x0000000080000000, 0x0000000100000000)
  region size 1024K, 2 young (2048K), 2 survivors (2048K)
 Metaspace       used 125621K, capacity 129905K, committed 129996K, reserved 1161216K
  class space    used 15868K, capacity 17481K, committed 17484K, reserved 1048576K
}
Event: 1637.011 GC heap before
{Heap before GC invocations=121 (full 0):
 garbage-first heap   total 189440K, used 157649K [0x0000000080000000, 0x0000000100000000)
  region size 1024K, 20 young (20480K), 2 survivors (2048K)
 Metaspace       used 125621K, capacity 129905K, committed 129996K, reserved 1161216K
  class space    used 15868K, capacity 17481K, committed 17484K, reserved 1048576K
}
Event: 1637.016 GC heap after
{Heap after GC invocations=122 (full 0):
 garbage-first heap   total 189440K, used 140007K [0x0000000080000000, 0x0000000100000000)
  region size 1024K, 3 young (3072K), 3 survivors (3072K)
 Metaspace       used 125621K, capacity 129905K, committed 129996K, reserved 1161216K
  class space    used 15868K, capacity 17481K, committed 17484K, reserved 1048576K
}
Event: 1637.062 GC heap before
{Heap before GC invocations=123 (full 0):
 garbage-first heap   total 189440K, used 157415K [0x0000000080000000, 0x0000000100000000)
  region size 1024K, 21 young (21504K), 3 survivors (3072K)
 Metaspace       used 125621K, capacity 129905K, committed 129996K, reserved 1161216K
  class space    used 15868K, capacity 17481K, committed 17484K, reserved 1048576K
}
Event: 1637.066 GC heap after
{Heap after GC invocations=124 (full 0):
 garbage-first heap   total 189440K, used 140729K [0x0000000080000000, 0x0000000100000000)
  region size 1024K, 2 young (2048K), 2 survivors (2048K)
 Metaspace       used 125621K, capacity 129905K, committed 129996K, reserved 1161216K
  class space    used 15868K, capacity 17481K, committed 17484K, reserved 1048576K
}
Event: 1637.087 GC heap before
{Heap before GC invocations=124 (full 0):
 garbage-first heap   total 189440K, used 146873K [0x0000000080000000, 0x0000000100000000)
  region size 1024K, 9 young (9216K), 2 survivors (2048K)
 Metaspace       used 125621K, capacity 129905K, committed 129996K, reserved 1161216K
  class space    used 15868K, capacity 17481K, committed 17484K, reserved 1048576K
}
Event: 1637.100 GC heap after
{Heap after GC invocations=125 (full 0):
 garbage-first heap   total 189440K, used 139500K [0x0000000080000000, 0x0000000100000000)
  region size 1024K, 1 young (1024K), 1 survivors (1024K)
 Metaspace       used 125621K, capacity 129905K, committed 129996K, reserved 1161216K
  class space    used 15868K, capacity 17481K, committed 17484K, reserved 1048576K
}
Event: 1637.174 GC heap before
{Heap before GC invocations=125 (full 0):
 garbage-first heap   total 189440K, used 159980K [0x0000000080000000, 0x0000000100000000)
  region size 1024K, 21 young (21504K), 1 survivors (1024K)
 Metaspace       used 125621K, capacity 129905K, committed 129996K, reserved 1161216K
  class space    used 15868K, capacity 17481K, committed 17484K, reserved 1048576K
}
Event: 1637.180 GC heap after
{Heap after GC invocations=126 (full 0):
 garbage-first heap   total 189440K, used 140511K [0x0000000080000000, 0x0000000100000000)
  region size 1024K, 2 young (2048K), 2 survivors (2048K)
 Metaspace       used 125621K, capacity 129905K, committed 129996K, reserved 1161216K
  class space    used 15868K, capacity 17481K, committed 17484K, reserved 1048576K
}
Event: 1637.366 GC heap before
{Heap before GC invocations=126 (full 0):
 garbage-first heap   total 189440K, used 159967K [0x0000000080000000, 0x0000000100000000)
  region size 1024K, 22 young (22528K), 2 survivors (2048K)
 Metaspace       used 125621K, capacity 129905K, committed 129996K, reserved 1161216K
  class space    used 15868K, capacity 17481K, committed 17484K, reserved 1048576K
}
Event: 1637.371 GC heap after
{Heap after GC invocations=127 (full 0):
 garbage-first heap   total 189440K, used 140553K [0x0000000080000000, 0x0000000100000000)
  region size 1024K, 2 young (2048K), 2 survivors (2048K)
 Metaspace       used 125621K, capacity 129905K, committed 129996K, reserved 1161216K
  class space    used 15868K, capacity 17481K, committed 17484K, reserved 1048576K
}
Event: 1637.487 GC heap before
{Heap before GC invocations=127 (full 0):
 garbage-first heap   total 189440K, used 161033K [0x0000000080000000, 0x0000000100000000)
  region size 1024K, 23 young (23552K), 2 survivors (2048K)
 Metaspace       used 125670K, capacity 129974K, committed 129996K, reserved 1161216K
  class space    used 15868K, capacity 17481K, committed 17484K, reserved 1048576K
}
Event: 1637.491 GC heap after
{Heap after GC invocations=128 (full 0):
 garbage-first heap   total 189440K, used 141853K [0x0000000080000000, 0x0000000100000000)
  region size 1024K, 2 young (2048K), 2 survivors (2048K)
 Metaspace       used 125670K, capacity 129974K, committed 129996K, reserved 1161216K
  class space    used 15868K, capacity 17481K, committed 17484K, reserved 1048576K
}
Event: 1744.815 GC heap before
{Heap before GC invocations=129 (full 0):
 garbage-first heap   total 189440K, used 179741K [0x0000000080000000, 0x0000000100000000)
  region size 1024K, 22 young (22528K), 2 survivors (2048K)
 Metaspace       used 125945K, capacity 130343K, committed 130636K, reserved 1163264K
  class space    used 15891K, capacity 17524K, committed 17612K, reserved 1048576K
}
Event: 1744.823 GC heap after
{Heap after GC invocations=130 (full 0):
 garbage-first heap   total 189440K, used 140404K [0x0000000080000000, 0x0000000100000000)
  region size 1024K, 1 young (1024K), 1 survivors (1024K)
 Metaspace       used 125945K, capacity 130343K, committed 130636K, reserved 1163264K
  class space    used 15891K, capacity 17524K, committed 17612K, reserved 1048576K
}
Event: 1745.189 GC heap before
{Heap before GC invocations=130 (full 0):
 garbage-first heap   total 189440K, used 148596K [0x0000000080000000, 0x0000000100000000)
  region size 1024K, 9 young (9216K), 1 survivors (1024K)
 Metaspace       used 125968K, capacity 130407K, committed 130636K, reserved 1163264K
  class space    used 15892K, capacity 17524K, committed 17612K, reserved 1048576K
}
Event: 1745.258 GC heap after
{Heap after GC invocations=131 (full 0):
 garbage-first heap   total 189440K, used 138663K [0x0000000080000000, 0x0000000100000000)
  region size 1024K, 2 young (2048K), 2 survivors (2048K)
 Metaspace       used 125968K, capacity 130407K, committed 130636K, reserved 1163264K
  class space    used 15892K, capacity 17524K, committed 17612K, reserved 1048576K
}
Event: 1746.035 GC heap before
{Heap before GC invocations=131 (full 0):
 garbage-first heap   total 189440K, used 160167K [0x0000000080000000, 0x0000000100000000)
  region size 1024K, 24 young (24576K), 2 survivors (2048K)
 Metaspace       used 126003K, capacity 130408K, committed 130636K, reserved 1163264K
  class space    used 15892K, capacity 17524K, committed 17612K, reserved 1048576K
}
Event: 1746.096 GC heap after
{Heap after GC invocations=132 (full 0):
 garbage-first heap   total 189440K, used 141813K [0x0000000080000000, 0x0000000100000000)
  region size 1024K, 3 young (3072K), 3 survivors (3072K)
 Metaspace       used 126003K, capacity 130408K, committed 130636K, reserved 1163264K
  class space    used 15892K, capacity 17524K, committed 17612K, reserved 1048576K
}

